app/build/intermediates/manifest_merge_blame_file/debug/processDebugMainManifest/manifest-merger-blame-debug-report.txt
1<?xml version="1.0" encoding="utf-8"?>
2<manifest xmlns:android="http://schemas.android.com/apk/res/android"
3    package="com.tantawi.tazkeer"
4    android:versionCode="1"
5    android:versionName="1.0" >
6
7    <uses-sdk
7-->INJECTED
8        android:minSdkVersion="24"
8-->INJECTED
9        android:targetSdkVersion="36" />
9-->INJECTED
10
11    <queries>
11-->src\main\AndroidManifest.xml:3:5-13:15
12        <package android:name="com.whatsapp" />
12-->src\main\AndroidManifest.xml:4:9-48
12-->src\main\AndroidManifest.xml:4:18-45
13
14        <intent>
14-->src\main\AndroidManifest.xml:5:9-8:18
15            <action android:name="android.intent.action.VIEW" />
15-->src\main\AndroidManifest.xml:6:13-65
15-->src\main\AndroidManifest.xml:6:21-62
16
17            <data android:scheme="https" />
17-->src\main\AndroidManifest.xml:7:13-44
17-->src\main\AndroidManifest.xml:7:19-41
18        </intent>
19        <intent>
19-->src\main\AndroidManifest.xml:9:9-12:18
20            <action android:name="android.intent.action.SEND" />
20-->src\main\AndroidManifest.xml:10:13-65
20-->src\main\AndroidManifest.xml:10:21-62
21
22            <data android:mimeType="text/plain" />
22-->src\main\AndroidManifest.xml:7:13-44
22-->src\main\AndroidManifest.xml:11:19-48
23        </intent>
24    </queries>
25
26    <uses-permission android:name="android.permission.ACCESS_NETWORK_STATE" />
26-->src\main\AndroidManifest.xml:15:5-79
26-->src\main\AndroidManifest.xml:15:22-76
27    <uses-permission android:name="android.permission.INTERNET" />
27-->src\main\AndroidManifest.xml:16:5-67
27-->src\main\AndroidManifest.xml:16:22-64
28    <uses-permission android:name="android.permission.ACCESS_FINE_LOCATION" />
28-->src\main\AndroidManifest.xml:17:5-79
28-->src\main\AndroidManifest.xml:17:22-76
29    <uses-permission android:name="android.permission.ACCESS_COARSE_LOCATION" />
29-->src\main\AndroidManifest.xml:18:5-81
29-->src\main\AndroidManifest.xml:18:22-78
30    <uses-permission android:name="android.permission.POST_NOTIFICATIONS" />
30-->src\main\AndroidManifest.xml:19:5-77
30-->src\main\AndroidManifest.xml:19:22-74
31    <uses-permission android:name="android.permission.SCHEDULE_EXACT_ALARM" />
31-->src\main\AndroidManifest.xml:20:5-79
31-->src\main\AndroidManifest.xml:20:22-76
32    <uses-permission android:name="android.permission.RECEIVE_BOOT_COMPLETED" />
32-->src\main\AndroidManifest.xml:21:5-81
32-->src\main\AndroidManifest.xml:21:22-78
33
34    <permission
34-->[androidx.core:core:1.18.0] AndroidManifest.xml:22:5-24:47
35        android:name="com.tantawi.tazkeer.DYNAMIC_RECEIVER_NOT_EXPORTED_PERMISSION"
35-->[androidx.core:core:1.18.0] AndroidManifest.xml:23:9-81
36        android:protectionLevel="signature" />
36-->[androidx.core:core:1.18.0] AndroidManifest.xml:24:9-44
37
38    <uses-permission android:name="com.tantawi.tazkeer.DYNAMIC_RECEIVER_NOT_EXPORTED_PERMISSION" />
38-->[androidx.core:core:1.18.0] AndroidManifest.xml:26:5-97
38-->[androidx.core:core:1.18.0] AndroidManifest.xml:26:22-94
39
40    <application
40-->src\main\AndroidManifest.xml:23:5-60:19
41        android:allowBackup="true"
41-->src\main\AndroidManifest.xml:24:9-35
42        android:appComponentFactory="androidx.core.app.CoreComponentFactory"
42-->[androidx.core:core:1.18.0] AndroidManifest.xml:28:18-86
43        android:debuggable="true"
44        android:extractNativeLibs="false"
44-->INJECTED
45        android:icon="@mipmap/ic_tazkeer_logo"
45-->src\main\AndroidManifest.xml:25:9-47
46        android:label="@string/app_name"
46-->src\main\AndroidManifest.xml:26:9-41
47        android:roundIcon="@mipmap/ic_tazkeer_logo"
47-->src\main\AndroidManifest.xml:27:9-52
48        android:supportsRtl="true"
48-->src\main\AndroidManifest.xml:28:9-35
49        android:testOnly="true"
50        android:theme="@style/Theme.Tazkeer" >
50-->src\main\AndroidManifest.xml:29:9-45
51        <activity
51-->src\main\AndroidManifest.xml:31:9-33:40
52            android:name="com.tantawi.tazkeer.SettingsActivity"
52-->src\main\AndroidManifest.xml:32:13-45
53            android:exported="false" />
53-->src\main\AndroidManifest.xml:33:13-37
54        <activity
54-->src\main\AndroidManifest.xml:35:9-37:40
55            android:name="com.tantawi.tazkeer.CompletedTasksActivity"
55-->src\main\AndroidManifest.xml:36:13-51
56            android:exported="false" />
56-->src\main\AndroidManifest.xml:37:13-37
57        <activity
57-->src\main\AndroidManifest.xml:39:9-47:20
58            android:name="com.tantawi.tazkeer.HomeActivity"
58-->src\main\AndroidManifest.xml:40:13-41
59            android:exported="true"
59-->src\main\AndroidManifest.xml:41:13-36
60            android:theme="@style/Theme.Tazkeer.Starting" >
60-->src\main\AndroidManifest.xml:42:13-58
61            <intent-filter>
61-->src\main\AndroidManifest.xml:43:13-46:29
62                <action android:name="android.intent.action.MAIN" />
62-->src\main\AndroidManifest.xml:44:17-69
62-->src\main\AndroidManifest.xml:44:25-66
63
64                <category android:name="android.intent.category.LAUNCHER" />
64-->src\main\AndroidManifest.xml:45:17-77
64-->src\main\AndroidManifest.xml:45:27-74
65            </intent-filter>
66        </activity>
67
68        <receiver
68-->src\main\AndroidManifest.xml:49:9-51:40
69            android:name="com.tantawi.tazkeer.receivers.NotificationReceiver"
69-->src\main\AndroidManifest.xml:50:13-59
70            android:exported="false" />
70-->src\main\AndroidManifest.xml:51:13-37
71        <receiver
71-->src\main\AndroidManifest.xml:53:9-59:20
72            android:name="com.tantawi.tazkeer.receivers.BootReceiver"
72-->src\main\AndroidManifest.xml:54:13-51
73            android:exported="true" >
73-->src\main\AndroidManifest.xml:55:13-36
74            <intent-filter>
74-->src\main\AndroidManifest.xml:56:13-58:29
75                <action android:name="android.intent.action.BOOT_COMPLETED" />
75-->src\main\AndroidManifest.xml:57:17-79
75-->src\main\AndroidManifest.xml:57:25-76
76            </intent-filter>
77        </receiver>
78
79        <provider
79-->[androidx.emoji2:emoji2:1.3.0] AndroidManifest.xml:24:9-32:20
80            android:name="androidx.startup.InitializationProvider"
80-->[androidx.emoji2:emoji2:1.3.0] AndroidManifest.xml:25:13-67
81            android:authorities="com.tantawi.tazkeer.androidx-startup"
81-->[androidx.emoji2:emoji2:1.3.0] AndroidManifest.xml:26:13-68
82            android:exported="false" >
82-->[androidx.emoji2:emoji2:1.3.0] AndroidManifest.xml:27:13-37
83            <meta-data
83-->[androidx.emoji2:emoji2:1.3.0] AndroidManifest.xml:29:13-31:52
84                android:name="androidx.emoji2.text.EmojiCompatInitializer"
84-->[androidx.emoji2:emoji2:1.3.0] AndroidManifest.xml:30:17-75
85                android:value="androidx.startup" />
85-->[androidx.emoji2:emoji2:1.3.0] AndroidManifest.xml:31:17-49
86            <meta-data
86-->[androidx.lifecycle:lifecycle-process:2.6.2] AndroidManifest.xml:29:13-31:52
87                android:name="androidx.lifecycle.ProcessLifecycleInitializer"
87-->[androidx.lifecycle:lifecycle-process:2.6.2] AndroidManifest.xml:30:17-78
88                android:value="androidx.startup" />
88-->[androidx.lifecycle:lifecycle-process:2.6.2] AndroidManifest.xml:31:17-49
89            <meta-data
89-->[androidx.profileinstaller:profileinstaller:1.4.0] AndroidManifest.xml:29:13-31:52
90                android:name="androidx.profileinstaller.ProfileInstallerInitializer"
90-->[androidx.profileinstaller:profileinstaller:1.4.0] AndroidManifest.xml:30:17-85
91                android:value="androidx.startup" />
91-->[androidx.profileinstaller:profileinstaller:1.4.0] AndroidManifest.xml:31:17-49
92        </provider>
93
94        <activity
94-->[com.google.android.gms:play-services-base:18.5.0] AndroidManifest.xml:5:9-173
95            android:name="com.google.android.gms.common.api.GoogleApiActivity"
95-->[com.google.android.gms:play-services-base:18.5.0] AndroidManifest.xml:5:19-85
96            android:exported="false"
96-->[com.google.android.gms:play-services-base:18.5.0] AndroidManifest.xml:5:146-170
97            android:theme="@android:style/Theme.Translucent.NoTitleBar" />
97-->[com.google.android.gms:play-services-base:18.5.0] AndroidManifest.xml:5:86-145
98
99        <meta-data
99-->[com.google.android.gms:play-services-basement:18.4.0] AndroidManifest.xml:6:9-122
100            android:name="com.google.android.gms.version"
100-->[com.google.android.gms:play-services-basement:18.4.0] AndroidManifest.xml:6:20-65
101            android:value="@integer/google_play_services_version" />
101-->[com.google.android.gms:play-services-basement:18.4.0] AndroidManifest.xml:6:66-119
102
103        <service
103-->[androidx.room:room-runtime-android:2.8.2] AndroidManifest.xml:24:9-28:63
104            android:name="androidx.room.MultiInstanceInvalidationService"
104-->[androidx.room:room-runtime-android:2.8.2] AndroidManifest.xml:25:13-74
105            android:directBootAware="true"
105-->[androidx.room:room-runtime-android:2.8.2] AndroidManifest.xml:26:13-43
106            android:exported="false" />
106-->[androidx.room:room-runtime-android:2.8.2] AndroidManifest.xml:27:13-37
107
108        <receiver
108-->[androidx.profileinstaller:profileinstaller:1.4.0] AndroidManifest.xml:34:9-52:20
109            android:name="androidx.profileinstaller.ProfileInstallReceiver"
109-->[androidx.profileinstaller:profileinstaller:1.4.0] AndroidManifest.xml:35:13-76
110            android:directBootAware="false"
110-->[androidx.profileinstaller:profileinstaller:1.4.0] AndroidManifest.xml:36:13-44
111            android:enabled="true"
111-->[androidx.profileinstaller:profileinstaller:1.4.0] AndroidManifest.xml:37:13-35
112            android:exported="true"
112-->[androidx.profileinstaller:profileinstaller:1.4.0] AndroidManifest.xml:38:13-36
113            android:permission="android.permission.DUMP" >
113-->[androidx.profileinstaller:profileinstaller:1.4.0] AndroidManifest.xml:39:13-57
114            <intent-filter>
114-->[androidx.profileinstaller:profileinstaller:1.4.0] AndroidManifest.xml:40:13-42:29
115                <action android:name="androidx.profileinstaller.action.INSTALL_PROFILE" />
115-->[androidx.profileinstaller:profileinstaller:1.4.0] AndroidManifest.xml:41:17-91
115-->[androidx.profileinstaller:profileinstaller:1.4.0] AndroidManifest.xml:41:25-88
116            </intent-filter>
117            <intent-filter>
117-->[androidx.profileinstaller:profileinstaller:1.4.0] AndroidManifest.xml:43:13-45:29
118                <action android:name="androidx.profileinstaller.action.SKIP_FILE" />
118-->[androidx.profileinstaller:profileinstaller:1.4.0] AndroidManifest.xml:44:17-85
118-->[androidx.profileinstaller:profileinstaller:1.4.0] AndroidManifest.xml:44:25-82
119            </intent-filter>
120            <intent-filter>
120-->[androidx.profileinstaller:profileinstaller:1.4.0] AndroidManifest.xml:46:13-48:29
121                <action android:name="androidx.profileinstaller.action.SAVE_PROFILE" />
121-->[androidx.profileinstaller:profileinstaller:1.4.0] AndroidManifest.xml:47:17-88
121-->[androidx.profileinstaller:profileinstaller:1.4.0] AndroidManifest.xml:47:25-85
122            </intent-filter>
123            <intent-filter>
123-->[androidx.profileinstaller:profileinstaller:1.4.0] AndroidManifest.xml:49:13-51:29
124                <action android:name="androidx.profileinstaller.action.BENCHMARK_OPERATION" />
124-->[androidx.profileinstaller:profileinstaller:1.4.0] AndroidManifest.xml:50:17-95
124-->[androidx.profileinstaller:profileinstaller:1.4.0] AndroidManifest.xml:50:25-92
125            </intent-filter>
126        </receiver>
127    </application>
128
129</manifest>